[0.015s] Invoking command in '/home/aditya/ROS2/rf2o_odom/build/rf2o_laser_odometry': CMAKE_PREFIX_PATH=${CMAKE_PREFIX_PATH}:/opt/ros/foxy /home/aditya/.local/bin/cmake --build /home/aditya/ROS2/rf2o_odom/build/rf2o_laser_odometry -- -j16 -l16
[0.079s] [ 40%] Built target rf2o_laser_odometry
[0.084s] [100%] Built target rf2o_laser_odometry_node
[0.095s] Invoked command in '/home/aditya/ROS2/rf2o_odom/build/rf2o_laser_odometry' returned '0': CMAKE_PREFIX_PATH=${CMAKE_PREFIX_PATH}:/opt/ros/foxy /home/aditya/.local/bin/cmake --build /home/aditya/ROS2/rf2o_odom/build/rf2o_laser_odometry -- -j16 -l16
[0.189s] Invoking command in '/home/aditya/ROS2/rf2o_odom/build/rf2o_laser_odometry': CMAKE_PREFIX_PATH=${CMAKE_PREFIX_PATH}:/opt/ros/foxy /home/aditya/.local/bin/cmake --install /home/aditya/ROS2/rf2o_odom/build/rf2o_laser_odometry
[0.211s] -- Install configuration: ""
[0.211s] -- Up-to-date: /home/aditya/ROS2/rf2o_odom/install/rf2o_laser_odometry/lib/rf2o_laser_odometry/rf2o_laser_odometry_node
[0.212s] -- Up-to-date: /home/aditya/ROS2/rf2o_odom/install/rf2o_laser_odometry/share/rf2o_laser_odometry/launch
[0.212s] -- Installing: /home/aditya/ROS2/rf2o_odom/install/rf2o_laser_odometry/share/rf2o_laser_odometry/launch/rf2o_laser_odometry.launch.py
[0.212s] -- Up-to-date: /home/aditya/ROS2/rf2o_odom/install/rf2o_laser_odometry/share/ament_index/resource_index/package_run_dependencies/rf2o_laser_odometry
[0.212s] -- Up-to-date: /home/aditya/ROS2/rf2o_odom/install/rf2o_laser_odometry/share/ament_index/resource_index/parent_prefix_path/rf2o_laser_odometry
[0.213s] -- Up-to-date: /home/aditya/ROS2/rf2o_odom/install/rf2o_laser_odometry/share/rf2o_laser_odometry/environment/ament_prefix_path.sh
[0.213s] -- Up-to-date: /home/aditya/ROS2/rf2o_odom/install/rf2o_laser_odometry/share/rf2o_laser_odometry/environment/ament_prefix_path.dsv
[0.213s] -- Up-to-date: /home/aditya/ROS2/rf2o_odom/install/rf2o_laser_odometry/share/rf2o_laser_odometry/environment/path.sh
[0.213s] -- Up-to-date: /home/aditya/ROS2/rf2o_odom/install/rf2o_laser_odometry/share/rf2o_laser_odometry/environment/path.dsv
[0.213s] -- Up-to-date: /home/aditya/ROS2/rf2o_odom/install/rf2o_laser_odometry/share/rf2o_laser_odometry/local_setup.bash
[0.213s] -- Up-to-date: /home/aditya/ROS2/rf2o_odom/install/rf2o_laser_odometry/share/rf2o_laser_odometry/local_setup.sh
[0.213s] -- Up-to-date: /home/aditya/ROS2/rf2o_odom/install/rf2o_laser_odometry/share/rf2o_laser_odometry/local_setup.zsh
[0.214s] -- Up-to-date: /home/aditya/ROS2/rf2o_odom/install/rf2o_laser_odometry/share/rf2o_laser_odometry/local_setup.dsv
[0.214s] -- Installing: /home/aditya/ROS2/rf2o_odom/install/rf2o_laser_odometry/share/rf2o_laser_odometry/package.dsv
[0.214s] -- Up-to-date: /home/aditya/ROS2/rf2o_odom/install/rf2o_laser_odometry/share/ament_index/resource_index/packages/rf2o_laser_odometry
[0.214s] -- Up-to-date: /home/aditya/ROS2/rf2o_odom/install/rf2o_laser_odometry/share/rf2o_laser_odometry/cmake/rf2o_laser_odometryConfig.cmake
[0.214s] -- Up-to-date: /home/aditya/ROS2/rf2o_odom/install/rf2o_laser_odometry/share/rf2o_laser_odometry/cmake/rf2o_laser_odometryConfig-version.cmake
[0.214s] -- Up-to-date: /home/aditya/ROS2/rf2o_odom/install/rf2o_laser_odometry/share/rf2o_laser_odometry/package.xml
[0.221s] Invoked command in '/home/aditya/ROS2/rf2o_odom/build/rf2o_laser_odometry' returned '0': CMAKE_PREFIX_PATH=${CMAKE_PREFIX_PATH}:/opt/ros/foxy /home/aditya/.local/bin/cmake --install /home/aditya/ROS2/rf2o_odom/build/rf2o_laser_odometry
