[0.171s] DEBUG:colcon:Command line arguments: ['/usr/bin/colcon', 'build']
[0.171s] DEBUG:colcon:Parsed command line arguments: Namespace(allow_overriding=[], ament_cmake_args=None, base_paths=['.'], build_base='build', catkin_cmake_args=None, catkin_skip_building_tests=False, cmake_args=None, cmake_clean_cache=False, cmake_clean_first=False, cmake_force_configure=False, cmake_target=None, cmake_target_skip_unavailable=False, continue_on_error=False, event_handlers=None, executor='parallel', ignore_user_meta=False, install_base='install', log_base=None, log_level=None, main=<bound method BuildVerb.main of <colcon_core.verb.build.BuildVerb object at 0x7f1922bfcee0>>, merge_install=False, metas=['./colcon.meta'], packages_above=None, packages_above_and_dependencies=None, packages_above_depth=None, packages_end=None, packages_ignore=None, packages_ignore_regex=None, packages_select=None, packages_select_build_failed=False, packages_select_by_dep=None, packages_select_regex=None, packages_select_test_failures=False, packages_skip=None, packages_skip_build_finished=False, packages_skip_by_dep=None, packages_skip_regex=None, packages_skip_test_passed=False, packages_skip_up_to=None, packages_start=None, packages_up_to=None, packages_up_to_regex=None, parallel_workers=16, paths=None, symlink_install=False, test_result_base=None, verb_extension=<colcon_core.verb.build.BuildVerb object at 0x7f1922bfcee0>, verb_name='build', verb_parser=<colcon_defaults.argument_parser.defaults.DefaultArgumentsDecorator object at 0x7f1922b4af40>)
[0.299s] Level 1:colcon.colcon_core.package_discovery:discover_packages(colcon_meta) check parameters
[0.299s] Level 1:colcon.colcon_core.package_discovery:discover_packages(recursive) check parameters
[0.299s] Level 1:colcon.colcon_core.package_discovery:discover_packages(ignore) check parameters
[0.299s] Level 1:colcon.colcon_core.package_discovery:discover_packages(path) check parameters
[0.299s] Level 1:colcon.colcon_core.package_discovery:discover_packages(colcon_meta) discover
[0.299s] Level 1:colcon.colcon_core.package_discovery:discover_packages(recursive) discover
[0.299s] INFO:colcon.colcon_core.package_discovery:Crawling recursively for packages in '/home/aditya/ROS2/rf2o_odom'
[0.299s] Level 1:colcon.colcon_core.package_identification:_identify(.) by extensions ['ignore', 'ignore_ament_install']
[0.299s] Level 1:colcon.colcon_core.package_identification:_identify(.) by extension 'ignore'
[0.299s] Level 1:colcon.colcon_core.package_identification:_identify(.) by extension 'ignore_ament_install'
[0.299s] Level 1:colcon.colcon_core.package_identification:_identify(.) by extensions ['colcon_pkg']
[0.299s] Level 1:colcon.colcon_core.package_identification:_identify(.) by extension 'colcon_pkg'
[0.299s] Level 1:colcon.colcon_core.package_identification:_identify(.) by extensions ['colcon_meta']
[0.299s] Level 1:colcon.colcon_core.package_identification:_identify(.) by extension 'colcon_meta'
[0.299s] Level 1:colcon.colcon_core.package_identification:_identify(.) by extensions ['ros']
[0.299s] Level 1:colcon.colcon_core.package_identification:_identify(.) by extension 'ros'
[0.306s] Level 1:colcon.colcon_core.package_identification:_identify(.) by extensions ['cmake', 'python']
[0.306s] Level 1:colcon.colcon_core.package_identification:_identify(.) by extension 'cmake'
[0.306s] Level 1:colcon.colcon_core.package_identification:_identify(.) by extension 'python'
[0.306s] Level 1:colcon.colcon_core.package_identification:_identify(.) by extensions ['python_setup_py']
[0.306s] Level 1:colcon.colcon_core.package_identification:_identify(.) by extension 'python_setup_py'
[0.307s] Level 1:colcon.colcon_core.package_identification:_identify(build) by extensions ['ignore', 'ignore_ament_install']
[0.307s] Level 1:colcon.colcon_core.package_identification:_identify(build) by extension 'ignore'
[0.307s] Level 1:colcon.colcon_core.package_identification:_identify(build) ignored
[0.307s] Level 1:colcon.colcon_core.package_identification:_identify(install) by extensions ['ignore', 'ignore_ament_install']
[0.307s] Level 1:colcon.colcon_core.package_identification:_identify(install) by extension 'ignore'
[0.307s] Level 1:colcon.colcon_core.package_identification:_identify(install) ignored
[0.307s] Level 1:colcon.colcon_core.package_identification:_identify(log) by extensions ['ignore', 'ignore_ament_install']
[0.307s] Level 1:colcon.colcon_core.package_identification:_identify(log) by extension 'ignore'
[0.307s] Level 1:colcon.colcon_core.package_identification:_identify(log) ignored
[0.307s] Level 1:colcon.colcon_core.package_identification:_identify(src) by extensions ['ignore', 'ignore_ament_install']
[0.307s] Level 1:colcon.colcon_core.package_identification:_identify(src) by extension 'ignore'
[0.307s] Level 1:colcon.colcon_core.package_identification:_identify(src) by extension 'ignore_ament_install'
[0.307s] Level 1:colcon.colcon_core.package_identification:_identify(src) by extensions ['colcon_pkg']
[0.307s] Level 1:colcon.colcon_core.package_identification:_identify(src) by extension 'colcon_pkg'
[0.307s] Level 1:colcon.colcon_core.package_identification:_identify(src) by extensions ['colcon_meta']
[0.307s] Level 1:colcon.colcon_core.package_identification:_identify(src) by extension 'colcon_meta'
[0.307s] Level 1:colcon.colcon_core.package_identification:_identify(src) by extensions ['ros']
[0.307s] Level 1:colcon.colcon_core.package_identification:_identify(src) by extension 'ros'
[0.307s] Level 1:colcon.colcon_core.package_identification:_identify(src) by extensions ['cmake', 'python']
[0.307s] Level 1:colcon.colcon_core.package_identification:_identify(src) by extension 'cmake'
[0.308s] Level 1:colcon.colcon_core.package_identification:_identify(src) by extension 'python'
[0.308s] Level 1:colcon.colcon_core.package_identification:_identify(src) by extensions ['python_setup_py']
[0.308s] Level 1:colcon.colcon_core.package_identification:_identify(src) by extension 'python_setup_py'
[0.308s] Level 1:colcon.colcon_core.package_identification:_identify(src/rf2o_laser_odometry) by extensions ['ignore', 'ignore_ament_install']
[0.308s] Level 1:colcon.colcon_core.package_identification:_identify(src/rf2o_laser_odometry) by extension 'ignore'
[0.308s] Level 1:colcon.colcon_core.package_identification:_identify(src/rf2o_laser_odometry) by extension 'ignore_ament_install'
[0.308s] Level 1:colcon.colcon_core.package_identification:_identify(src/rf2o_laser_odometry) by extensions ['colcon_pkg']
[0.308s] Level 1:colcon.colcon_core.package_identification:_identify(src/rf2o_laser_odometry) by extension 'colcon_pkg'
[0.308s] Level 1:colcon.colcon_core.package_identification:_identify(src/rf2o_laser_odometry) by extensions ['colcon_meta']
[0.308s] Level 1:colcon.colcon_core.package_identification:_identify(src/rf2o_laser_odometry) by extension 'colcon_meta'
[0.308s] Level 1:colcon.colcon_core.package_identification:_identify(src/rf2o_laser_odometry) by extensions ['ros']
[0.308s] Level 1:colcon.colcon_core.package_identification:_identify(src/rf2o_laser_odometry) by extension 'ros'
[0.310s] DEBUG:colcon.colcon_core.package_identification:Package 'src/rf2o_laser_odometry' with type 'ros.ament_cmake' and name 'rf2o_laser_odometry'
[0.310s] Level 1:colcon.colcon_core.package_discovery:discover_packages(recursive) using defaults
[0.310s] Level 1:colcon.colcon_core.package_discovery:discover_packages(ignore) discover
[0.310s] Level 1:colcon.colcon_core.package_discovery:discover_packages(ignore) using defaults
[0.310s] Level 1:colcon.colcon_core.package_discovery:discover_packages(path) discover
[0.310s] Level 1:colcon.colcon_core.package_discovery:discover_packages(path) using defaults
[0.320s] Level 1:colcon.colcon_core.package_discovery:discover_packages(prefix_path) check parameters
[0.320s] Level 1:colcon.colcon_core.package_discovery:discover_packages(prefix_path) discover
[0.322s] DEBUG:colcon.colcon_installed_package_information.package_discovery:Found 301 installed packages in /opt/ros/foxy
[0.330s] Level 1:colcon.colcon_core.package_discovery:discover_packages(prefix_path) using defaults
[0.371s] Level 5:colcon.colcon_core.verb:set package 'rf2o_laser_odometry' build argument 'cmake_args' from command line to 'None'
[0.371s] Level 5:colcon.colcon_core.verb:set package 'rf2o_laser_odometry' build argument 'cmake_target' from command line to 'None'
[0.371s] Level 5:colcon.colcon_core.verb:set package 'rf2o_laser_odometry' build argument 'cmake_target_skip_unavailable' from command line to 'False'
[0.371s] Level 5:colcon.colcon_core.verb:set package 'rf2o_laser_odometry' build argument 'cmake_clean_cache' from command line to 'False'
[0.371s] Level 5:colcon.colcon_core.verb:set package 'rf2o_laser_odometry' build argument 'cmake_clean_first' from command line to 'False'
[0.371s] Level 5:colcon.colcon_core.verb:set package 'rf2o_laser_odometry' build argument 'cmake_force_configure' from command line to 'False'
[0.371s] Level 5:colcon.colcon_core.verb:set package 'rf2o_laser_odometry' build argument 'ament_cmake_args' from command line to 'None'
[0.371s] Level 5:colcon.colcon_core.verb:set package 'rf2o_laser_odometry' build argument 'catkin_cmake_args' from command line to 'None'
[0.371s] Level 5:colcon.colcon_core.verb:set package 'rf2o_laser_odometry' build argument 'catkin_skip_building_tests' from command line to 'False'
[0.371s] DEBUG:colcon.colcon_core.verb:Building package 'rf2o_laser_odometry' with the following arguments: {'ament_cmake_args': None, 'build_base': '/home/aditya/ROS2/rf2o_odom/build/rf2o_laser_odometry', 'catkin_cmake_args': None, 'catkin_skip_building_tests': False, 'cmake_args': None, 'cmake_clean_cache': False, 'cmake_clean_first': False, 'cmake_force_configure': False, 'cmake_target': None, 'cmake_target_skip_unavailable': False, 'install_base': '/home/aditya/ROS2/rf2o_odom/install/rf2o_laser_odometry', 'merge_install': False, 'path': '/home/aditya/ROS2/rf2o_odom/src/rf2o_laser_odometry', 'symlink_install': False, 'test_result_base': None}
[0.371s] INFO:colcon.colcon_core.executor:Executing jobs using 'parallel' executor
[0.372s] DEBUG:colcon.colcon_parallel_executor.executor.parallel:run_until_complete
[0.372s] INFO:colcon.colcon_ros.task.ament_cmake.build:Building ROS package in '/home/aditya/ROS2/rf2o_odom/src/rf2o_laser_odometry' with build type 'ament_cmake'
[0.372s] INFO:colcon.colcon_cmake.task.cmake.build:Building CMake package in '/home/aditya/ROS2/rf2o_odom/src/rf2o_laser_odometry'
[0.373s] INFO:colcon.colcon_core.plugin_system:Skipping extension 'colcon_core.shell.bat': Not used on non-Windows systems
[0.374s] INFO:colcon.colcon_core.shell:Skip shell extension 'powershell' for command environment: Not usable outside of PowerShell
[0.374s] DEBUG:colcon.colcon_core.shell:Skip shell extension 'dsv' for command environment
[0.386s] DEBUG:colcon.colcon_core.event_handler.log_command:Invoking command in '/home/aditya/ROS2/rf2o_odom/build/rf2o_laser_odometry': CMAKE_PREFIX_PATH=${CMAKE_PREFIX_PATH}:/opt/ros/foxy /home/aditya/.local/bin/cmake /home/aditya/ROS2/rf2o_odom/src/rf2o_laser_odometry -DCMAKE_INSTALL_PREFIX=/home/aditya/ROS2/rf2o_odom/install/rf2o_laser_odometry
[1.972s] DEBUG:colcon.colcon_core.event_handler.log_command:Invoked command in '/home/aditya/ROS2/rf2o_odom/build/rf2o_laser_odometry' returned '0': CMAKE_PREFIX_PATH=${CMAKE_PREFIX_PATH}:/opt/ros/foxy /home/aditya/.local/bin/cmake /home/aditya/ROS2/rf2o_odom/src/rf2o_laser_odometry -DCMAKE_INSTALL_PREFIX=/home/aditya/ROS2/rf2o_odom/install/rf2o_laser_odometry
[1.978s] DEBUG:colcon.colcon_core.event_handler.log_command:Invoking command in '/home/aditya/ROS2/rf2o_odom/build/rf2o_laser_odometry': CMAKE_PREFIX_PATH=${CMAKE_PREFIX_PATH}:/opt/ros/foxy /home/aditya/.local/bin/cmake --build /home/aditya/ROS2/rf2o_odom/build/rf2o_laser_odometry -- -j16 -l16
[15.606s] DEBUG:colcon.colcon_core.event_handler.log_command:Invoked command in '/home/aditya/ROS2/rf2o_odom/build/rf2o_laser_odometry' returned '0': CMAKE_PREFIX_PATH=${CMAKE_PREFIX_PATH}:/opt/ros/foxy /home/aditya/.local/bin/cmake --build /home/aditya/ROS2/rf2o_odom/build/rf2o_laser_odometry -- -j16 -l16
[15.705s] DEBUG:colcon.colcon_core.event_handler.log_command:Invoking command in '/home/aditya/ROS2/rf2o_odom/build/rf2o_laser_odometry': CMAKE_PREFIX_PATH=${CMAKE_PREFIX_PATH}:/opt/ros/foxy /home/aditya/.local/bin/cmake --install /home/aditya/ROS2/rf2o_odom/build/rf2o_laser_odometry
[15.753s] Level 1:colcon.colcon_core.environment:create_environment_scripts_only(rf2o_laser_odometry)
[15.754s] DEBUG:colcon.colcon_core.event_handler.log_command:Invoked command in '/home/aditya/ROS2/rf2o_odom/build/rf2o_laser_odometry' returned '0': CMAKE_PREFIX_PATH=${CMAKE_PREFIX_PATH}:/opt/ros/foxy /home/aditya/.local/bin/cmake --install /home/aditya/ROS2/rf2o_odom/build/rf2o_laser_odometry
[15.759s] Level 1:colcon.colcon_core.environment:checking '/home/aditya/ROS2/rf2o_odom/install/rf2o_laser_odometry' for CMake module files
[15.760s] Level 1:colcon.colcon_core.environment:checking '/home/aditya/ROS2/rf2o_odom/install/rf2o_laser_odometry' for CMake config files
[15.760s] Level 1:colcon.colcon_core.shell:create_environment_hook('rf2o_laser_odometry', 'cmake_prefix_path')
[15.760s] INFO:colcon.colcon_core.shell:Creating environment hook '/home/aditya/ROS2/rf2o_odom/install/rf2o_laser_odometry/share/rf2o_laser_odometry/hook/cmake_prefix_path.ps1'
[15.761s] INFO:colcon.colcon_core.shell:Creating environment descriptor '/home/aditya/ROS2/rf2o_odom/install/rf2o_laser_odometry/share/rf2o_laser_odometry/hook/cmake_prefix_path.dsv'
[15.761s] INFO:colcon.colcon_core.shell:Creating environment hook '/home/aditya/ROS2/rf2o_odom/install/rf2o_laser_odometry/share/rf2o_laser_odometry/hook/cmake_prefix_path.sh'
[15.762s] Level 1:colcon.colcon_core.environment:checking '/home/aditya/ROS2/rf2o_odom/install/rf2o_laser_odometry/lib'
[15.762s] Level 1:colcon.colcon_core.environment:checking '/home/aditya/ROS2/rf2o_odom/install/rf2o_laser_odometry/bin'
[15.762s] Level 1:colcon.colcon_core.environment:checking '/home/aditya/ROS2/rf2o_odom/install/rf2o_laser_odometry/lib/pkgconfig/rf2o_laser_odometry.pc'
[15.762s] Level 1:colcon.colcon_core.environment:checking '/home/aditya/ROS2/rf2o_odom/install/rf2o_laser_odometry/lib/python3.8/site-packages'
[15.762s] Level 1:colcon.colcon_core.environment:checking '/home/aditya/ROS2/rf2o_odom/install/rf2o_laser_odometry/bin'
[15.762s] INFO:colcon.colcon_core.shell:Creating package script '/home/aditya/ROS2/rf2o_odom/install/rf2o_laser_odometry/share/rf2o_laser_odometry/package.ps1'
[15.763s] INFO:colcon.colcon_core.shell:Creating package descriptor '/home/aditya/ROS2/rf2o_odom/install/rf2o_laser_odometry/share/rf2o_laser_odometry/package.dsv'
[15.763s] INFO:colcon.colcon_core.shell:Creating package script '/home/aditya/ROS2/rf2o_odom/install/rf2o_laser_odometry/share/rf2o_laser_odometry/package.sh'
[15.763s] INFO:colcon.colcon_core.shell:Creating package script '/home/aditya/ROS2/rf2o_odom/install/rf2o_laser_odometry/share/rf2o_laser_odometry/package.bash'
[15.764s] INFO:colcon.colcon_core.shell:Creating package script '/home/aditya/ROS2/rf2o_odom/install/rf2o_laser_odometry/share/rf2o_laser_odometry/package.zsh'
[15.764s] Level 1:colcon.colcon_core.environment:create_file_with_runtime_dependencies(/home/aditya/ROS2/rf2o_odom/install/rf2o_laser_odometry/share/colcon-core/packages/rf2o_laser_odometry)
[15.819s] Level 1:colcon.colcon_core.environment:create_environment_scripts_only(rf2o_laser_odometry)
[15.819s] Level 1:colcon.colcon_core.environment:checking '/home/aditya/ROS2/rf2o_odom/install/rf2o_laser_odometry' for CMake module files
[15.820s] Level 1:colcon.colcon_core.environment:checking '/home/aditya/ROS2/rf2o_odom/install/rf2o_laser_odometry' for CMake config files
[15.820s] Level 1:colcon.colcon_core.shell:create_environment_hook('rf2o_laser_odometry', 'cmake_prefix_path')
[15.821s] INFO:colcon.colcon_core.shell:Creating environment hook '/home/aditya/ROS2/rf2o_odom/install/rf2o_laser_odometry/share/rf2o_laser_odometry/hook/cmake_prefix_path.ps1'
[15.822s] INFO:colcon.colcon_core.shell:Creating environment descriptor '/home/aditya/ROS2/rf2o_odom/install/rf2o_laser_odometry/share/rf2o_laser_odometry/hook/cmake_prefix_path.dsv'
[15.822s] INFO:colcon.colcon_core.shell:Creating environment hook '/home/aditya/ROS2/rf2o_odom/install/rf2o_laser_odometry/share/rf2o_laser_odometry/hook/cmake_prefix_path.sh'
[15.823s] Level 1:colcon.colcon_core.environment:checking '/home/aditya/ROS2/rf2o_odom/install/rf2o_laser_odometry/lib'
[15.823s] Level 1:colcon.colcon_core.environment:checking '/home/aditya/ROS2/rf2o_odom/install/rf2o_laser_odometry/bin'
[15.823s] Level 1:colcon.colcon_core.environment:checking '/home/aditya/ROS2/rf2o_odom/install/rf2o_laser_odometry/lib/pkgconfig/rf2o_laser_odometry.pc'
[15.824s] Level 1:colcon.colcon_core.environment:checking '/home/aditya/ROS2/rf2o_odom/install/rf2o_laser_odometry/lib/python3.8/site-packages'
[15.824s] Level 1:colcon.colcon_core.environment:checking '/home/aditya/ROS2/rf2o_odom/install/rf2o_laser_odometry/bin'
[15.824s] INFO:colcon.colcon_core.shell:Creating package script '/home/aditya/ROS2/rf2o_odom/install/rf2o_laser_odometry/share/rf2o_laser_odometry/package.ps1'
[15.825s] INFO:colcon.colcon_core.shell:Creating package descriptor '/home/aditya/ROS2/rf2o_odom/install/rf2o_laser_odometry/share/rf2o_laser_odometry/package.dsv'
[15.826s] INFO:colcon.colcon_core.shell:Creating package script '/home/aditya/ROS2/rf2o_odom/install/rf2o_laser_odometry/share/rf2o_laser_odometry/package.sh'
[15.827s] INFO:colcon.colcon_core.shell:Creating package script '/home/aditya/ROS2/rf2o_odom/install/rf2o_laser_odometry/share/rf2o_laser_odometry/package.bash'
[15.827s] INFO:colcon.colcon_core.shell:Creating package script '/home/aditya/ROS2/rf2o_odom/install/rf2o_laser_odometry/share/rf2o_laser_odometry/package.zsh'
[15.828s] Level 1:colcon.colcon_core.environment:create_file_with_runtime_dependencies(/home/aditya/ROS2/rf2o_odom/install/rf2o_laser_odometry/share/colcon-core/packages/rf2o_laser_odometry)
[15.828s] DEBUG:colcon.colcon_parallel_executor.executor.parallel:closing loop
[15.829s] DEBUG:colcon.colcon_parallel_executor.executor.parallel:loop closed
[15.829s] DEBUG:colcon.colcon_parallel_executor.executor.parallel:run_until_complete finished with '0'
[15.829s] DEBUG:colcon.colcon_core.event_reactor:joining thread
[15.838s] INFO:colcon.colcon_core.plugin_system:Skipping extension 'colcon_notification.desktop_notification.terminal_notifier': Not used on non-Darwin systems
[15.839s] INFO:colcon.colcon_core.plugin_system:Skipping extension 'colcon_notification.desktop_notification.win32': Not used on non-Windows systems
[15.839s] INFO:colcon.colcon_notification.desktop_notification:Sending desktop notification using 'notify2'
[15.857s] DEBUG:colcon.colcon_core.event_reactor:joined thread
[15.857s] INFO:colcon.colcon_core.shell:Creating prefix script '/home/aditya/ROS2/rf2o_odom/install/local_setup.ps1'
[15.858s] INFO:colcon.colcon_core.shell:Creating prefix util module '/home/aditya/ROS2/rf2o_odom/install/_local_setup_util_ps1.py'
[15.860s] INFO:colcon.colcon_core.shell:Creating prefix chain script '/home/aditya/ROS2/rf2o_odom/install/setup.ps1'
[15.862s] INFO:colcon.colcon_core.shell:Creating prefix script '/home/aditya/ROS2/rf2o_odom/install/local_setup.sh'
[15.863s] INFO:colcon.colcon_core.shell:Creating prefix util module '/home/aditya/ROS2/rf2o_odom/install/_local_setup_util_sh.py'
[15.863s] INFO:colcon.colcon_core.shell:Creating prefix chain script '/home/aditya/ROS2/rf2o_odom/install/setup.sh'
[15.865s] INFO:colcon.colcon_core.shell:Creating prefix script '/home/aditya/ROS2/rf2o_odom/install/local_setup.bash'
[15.865s] INFO:colcon.colcon_core.shell:Creating prefix chain script '/home/aditya/ROS2/rf2o_odom/install/setup.bash'
[15.866s] INFO:colcon.colcon_core.shell:Creating prefix script '/home/aditya/ROS2/rf2o_odom/install/local_setup.zsh'
[15.867s] INFO:colcon.colcon_core.shell:Creating prefix chain script '/home/aditya/ROS2/rf2o_odom/install/setup.zsh'
